<?xml version="1.0" encoding="UTF-8"?>
<!-- Generated by org.testng.reporters.JUnitXMLReporter -->
<testsuite hostname="WV652" name="verifySubCategories" tests="1" failures="1" timestamp="13 Oct 2016 11:23:21 GMT" time="27.201" errors="0">
  <testcase name="verifySubCategories" time="13.901" classname="TestCases.Categories12398_05_b">
    <failure type="java.lang.AssertionError" message="null">
      <![CDATA[java.lang.AssertionError: null
	at TestCases.Categories12398_05_b.verifySubCategories(Categories12398_05_b.java:45)
... Removed 26 stack frames]]>
    </failure>
  </testcase> <!-- verifySubCategories -->
</testsuite> <!-- verifySubCategories -->
